Change Component Footprint: Designator=R2 Old Footprint=0201R New Footprint=0603R
Change component parameters: Designator = "C3" ("C3"); Footprint = "0603C"; UniqueID = "\CMRQNYJB" ("\CMRQNYJB")
Change component parameters (AddParameter): Name = "Manufacturer"; Value = "TDK"; VariantName = "[No Variations]"
Change component parameters (AddParameter): Name = "Manufacturer part number"; Value = "C1608X5R1E475K080AC"; VariantName = "[No Variations]"
Change component parameters (AddParameter): Name = "Supplier"; Value = "Farnell"; VariantName = "[No Variations]"
Change component parameters (AddParameter): Name = "Supplier Part Number"; Value = "2525101"; VariantName = "[No Variations]"
Change component parameters: Designator = "C5" ("C5"); Footprint = "0603C"; UniqueID = "\GAECUWVT" ("\GAECUWVT")
Change component parameters (AddParameter): Name = "Manufacturer"; Value = "TDK"; VariantName = "[No Variations]"
Change component parameters (AddParameter): Name = "Manufacturer part number"; Value = "C1608X5R1E475K080AC"; VariantName = "[No Variations]"
Change component parameters (AddParameter): Name = "Supplier"; Value = "Farnell"; VariantName = "[No Variations]"
Change component parameters (AddParameter): Name = "Supplier Part Number"; Value = "2525101"; VariantName = "[No Variations]"
Change component parameters: Designator = "C1" ("C1"); Footprint = "0402C"; UniqueID = "\OGMQTLEY" ("\OGMQTLEY")
Change component parameters (AddParameter): Name = "Manufacturer"; Value = "MURATA"; VariantName = "[No Variations]"
Change component parameters (AddParameter): Name = "Manufacturer part number"; Value = "GRM155R61E105KA12D"; VariantName = "[No Variations]"
Change component parameters (AddParameter): Name = "Supplier"; Value = "Farnell"; VariantName = "[No Variations]"
Change component parameters (AddParameter): Name = "Supplier Part Number"; Value = "2218855"; VariantName = "[No Variations]"
Change component parameters: Designator = "C2" ("C2"); Footprint = "0402C"; UniqueID = "\QIMSXSBE" ("\QIMSXSBE")
Change component parameters (AddParameter): Name = "Manufacturer"; Value = "MURATA"; VariantName = "[No Variations]"
Change component parameters (AddParameter): Name = "Manufacturer part number"; Value = "GRM155R61E105KA12D"; VariantName = "[No Variations]"
Change component parameters (AddParameter): Name = "Supplier"; Value = "Farnell"; VariantName = "[No Variations]"
Change component parameters (AddParameter): Name = "Supplier Part Number"; Value = "2218855"; VariantName = "[No Variations]"
Change component parameters: Designator = "C4" ("C4"); Footprint = "0402C"; UniqueID = "\VWPIZTTW" ("\VWPIZTTW")
Change component parameters (AddParameter): Name = "Manufacturer"; Value = "MURATA"; VariantName = "[No Variations]"
Change component parameters (AddParameter): Name = "Manufacturer part number"; Value = "GRM155R61E105KA12D"; VariantName = "[No Variations]"
Change component parameters (AddParameter): Name = "Supplier"; Value = "Farnell"; VariantName = "[No Variations]"
Change component parameters (AddParameter): Name = "Supplier Part Number"; Value = "2218855"; VariantName = "[No Variations]"
Change component parameters: Designator = "C6" ("C6"); Footprint = "0402C"; UniqueID = "\EQFCMSMC" ("\EQFCMSMC")
Change component parameters (AddParameter): Name = "Manufacturer"; Value = "MURATA"; VariantName = "[No Variations]"
Change component parameters (AddParameter): Name = "Manufacturer part number"; Value = "GRM155R61E105KA12D"; VariantName = "[No Variations]"
Change component parameters (AddParameter): Name = "Supplier"; Value = "Farnell"; VariantName = "[No Variations]"
Change component parameters (AddParameter): Name = "Supplier Part Number"; Value = "2218855"; VariantName = "[No Variations]"
Change component parameters: Designator = "C7" ("C7"); Footprint = "0402C"; UniqueID = "\PKGRMEFH" ("\PKGRMEFH")
Change component parameters (AddParameter): Name = "Manufacturer"; Value = "MURATA"; VariantName = "[No Variations]"
Change component parameters (AddParameter): Name = "Manufacturer part number"; Value = "GRM155R61E105KA12D"; VariantName = "[No Variations]"
Change component parameters (AddParameter): Name = "Supplier"; Value = "Farnell"; VariantName = "[No Variations]"
Change component parameters (AddParameter): Name = "Supplier Part Number"; Value = "2218855"; VariantName = "[No Variations]"
Change component parameters: Designator = "C8" ("C8"); Footprint = "0402C"; UniqueID = "\YDEWZVUA" ("\YDEWZVUA")
Change component parameters (AddParameter): Name = "Manufacturer"; Value = "MURATA"; VariantName = "[No Variations]"
Change component parameters (AddParameter): Name = "Manufacturer part number"; Value = "GRM155R61E105KA12D"; VariantName = "[No Variations]"
Change component parameters (AddParameter): Name = "Supplier"; Value = "Farnell"; VariantName = "[No Variations]"
Change component parameters (AddParameter): Name = "Supplier Part Number"; Value = "2218855"; VariantName = "[No Variations]"
Change component parameters: Designator = "J1" ("J1"); Footprint = "SSD1675A_ZIF_24pins"; UniqueID = "\EAOCHKEH" ("\EAOCHKEH")
Change component parameters (AddParameter): Name = "Manufacturer"; Value = "Omron Electronics"; VariantName = "[No Variations]"
Change component parameters (AddParameter): Name = "Manufacturer part number"; Value = "XF3M-2415-1B"; VariantName = "[No Variations]"
Change component parameters (AddParameter): Name = "Supplier"; Value = "Mouser"; VariantName = "[No Variations]"
Change component parameters (AddParameter): Name = "Supplier Part Number"; Value = "653-XF3M-2415-1B"; VariantName = "[No Variations]"
Change component parameters: Designator = "R1" ("R1"); Footprint = "0201R"; UniqueID = "\GZGKLHBC" ("\GZGKLHBC")
Change component parameters (AddParameter): Name = "Manufacturer"; Value = ""; VariantName = "[No Variations]"
Change component parameters (AddParameter): Name = "Manufacturer Part Number"; Value = ""; VariantName = "[No Variations]"
Change component parameters (AddParameter): Name = "Supplier"; Value = ""; VariantName = "[No Variations]"
Change component parameters (AddParameter): Name = "Supplier Part Number"; Value = ""; VariantName = "[No Variations]"
Change component parameters: Designator = "R2" ("R2"); Footprint = "0201R"; UniqueID = "\AOBHACVJ" ("\AOBHACVJ")
Change component parameters (AddParameter): Name = "Manufacturer"; Value = ""; VariantName = "[No Variations]"
Change component parameters (AddParameter): Name = "Manufacturer Part Number"; Value = ""; VariantName = "[No Variations]"
Change component parameters (AddParameter): Name = "Supplier"; Value = ""; VariantName = "[No Variations]"
Change component parameters (AddParameter): Name = "Supplier Part Number"; Value = ""; VariantName = "[No Variations]"
